<?xml version="1.0" encoding="UTF-8"?>
<testsuite errors="0" failures="1" skip="0" tests="1" name="SeleniumTestCases">
<testcase classname="SeleniumTestCases.SeleniumCaseOne" time="5" name="Scenario: As an editor I can add new translation">
<failure message="Keyword 'com.insertNameHere.keyWords.CustomKey.The Page Is Loaded' expected 1 argument, got 0." type="AssertionError"></failure>
</testcase>
</testsuite>
