<?xml version="1.0" encoding="UTF-8"?>
<testsuite errors="0" failures="1" skip="0" tests="1" name="SeleniumTestCases">
<testcase classname="SeleniumTestCases.SeleniumCaseTwo" time="39" name="Scenario: As an editor I can add new translation">
<failure message="Teardown failed:&#10;IllegalStateException: Connection manager has been shut down" type="AssertionError"></failure>
</testcase>
</testsuite>
