<?xml version="1.0" encoding="UTF-8"?>
<!-- Generated by org.testng.reporters.JUnitReportReporter -->
<testsuite hostname="EN610216" name="testPack.TestngTestingStuff" tests="1" failures="0" timestamp="10 May 2015 20:17:07 GMT" time="0.016" errors="0">
  <testcase name="firstTestOfPack" time="0.016" classname="testPack.TestngTestingStuff"/>
</testsuite> <!-- testPack.TestngTestingStuff -->
